<?xml version="1.0" encoding="UTF-8"?>
<!-- Generated by org.testng.reporters.JUnitXMLReporter -->
<testsuite ignored="0" hostname="EN911212" failures="0" tests="3" name="Command line test" time="2.593" errors="0" timestamp="2021-08-27T19:31:00 COT">
  <testcase classname="TestingGet" name="getAlternativeTitles" time="2.286"/>
  <testcase classname="TestingGet" name="getCreditsTV" time="0.105"/>
  <testcase classname="TestingGet" name="getEpisodeGroupsTV" time="0.157"/>
</testsuite> <!-- Command line test -->
