<?xml version="1.0" encoding="UTF-8"?>
<testng-results ignored="0" total="2" passed="2" failed="0" skipped="0">
  <reporter-output>
  </reporter-output>
  <suite started-at="2021-08-27T17:16:04 COT" name="Test1" finished-at="2021-08-27T17:16:08 COT" duration-ms="4010">
    <groups>
    </groups>
    <test started-at="2021-08-27T17:16:04 COT" name="Command line test" finished-at="2021-08-27T17:16:08 COT" duration-ms="4010">
      <class name="Test1">
        <test-method signature="test1()[pri:0, instance:Test1@2e3fc542]" started-at="2021-08-27T17:16:04 COT" name="test1" finished-at="2021-08-27T17:16:07 COT" duration-ms="3416" status="PASS">
          <reporter-output>
          </reporter-output>
        </test-method> <!-- test1 -->
        <test-method signature="test2()[pri:0, instance:Test1@2e3fc542]" started-at="2021-08-27T17:16:07 COT" name="test2" finished-at="2021-08-27T17:16:08 COT" duration-ms="548" status="PASS">
          <reporter-output>
          </reporter-output>
        </test-method> <!-- test2 -->
      </class> <!-- Test1 -->
    </test> <!-- Command line test -->
  </suite> <!-- Test1 -->
</testng-results>
