<?xml version="1.0" encoding="UTF-8"?>
<testng-results ignored="0" total="3" passed="3" failed="0" skipped="0">
  <reporter-output>
  </reporter-output>
  <suite started-at="2021-08-27T19:30:57 COT" name="TestingGet" finished-at="2021-08-27T19:31:00 COT" duration-ms="2593">
    <groups>
    </groups>
    <test started-at="2021-08-27T19:30:57 COT" name="Command line test" finished-at="2021-08-27T19:31:00 COT" duration-ms="2593">
      <class name="TestingGet">
        <test-method signature="getAlternativeTitles()[pri:0, instance:TestingGet@6a8658ff]" started-at="2021-08-27T19:30:57 COT" name="getAlternativeTitles" finished-at="2021-08-27T19:31:00 COT" duration-ms="2286" status="PASS">
          <reporter-output>
          </reporter-output>
        </test-method> <!-- getAlternativeTitles -->
        <test-method signature="getCreditsTV()[pri:0, instance:TestingGet@6a8658ff]" started-at="2021-08-27T19:31:00 COT" name="getCreditsTV" finished-at="2021-08-27T19:31:00 COT" duration-ms="105" status="PASS">
          <reporter-output>
          </reporter-output>
        </test-method> <!-- getCreditsTV -->
        <test-method signature="getEpisodeGroupsTV()[pri:0, instance:TestingGet@6a8658ff]" started-at="2021-08-27T19:31:00 COT" name="getEpisodeGroupsTV" finished-at="2021-08-27T19:31:00 COT" duration-ms="157" status="PASS">
          <reporter-output>
          </reporter-output>
        </test-method> <!-- getEpisodeGroupsTV -->
      </class> <!-- TestingGet -->
    </test> <!-- Command line test -->
  </suite> <!-- TestingGet -->
</testng-results>
